Date de l'évaluation : lundi 27 janvier 2020, 09:45:31 (UTC+0100)

Compilation de Cercle.java : OK.

Types d'erreurs checkstyle : 1	(voir evaluation1/Cercle.checkstyle)

Résultat de recherche de similitudes sur Cercle.java dans evaluation1/Cercle.sim

JavaDoc automatique de Cercle : ok	(voir evaluation1/Cercle.javadoc)

Test SujetCercleTest : OK (14 tests)	(voir evaluation1/SujetCercleTest.log)
Test RobustesseCercleTest : Tests run: 20,  Failures: 19	(voir evaluation1/RobustesseCercleTest.log)
    1) testerE10a(RobustesseCercleTest)
        AssertionError: Expected exception: AssertionError
    2) testerE11a(RobustesseCercleTest)
        Exception: Unexpected exception, expected<AssertionError> but was<NullPointerException>
    3) testerE11b(RobustesseCercleTest)
        AssertionError: Expected exception: AssertionError
    4) testerE11c(RobustesseCercleTest)
        AssertionError: Expected exception: AssertionError
    5) testerE12a(RobustesseCercleTest)
        Exception: Unexpected exception, expected<AssertionError> but was<NullPointerException>
    6) testerE12b(RobustesseCercleTest)
        Exception: Unexpected exception, expected<AssertionError> but was<NullPointerException>
    7) testerE12c(RobustesseCercleTest)
        AssertionError: Expected exception: AssertionError
    8) testerE13a(RobustesseCercleTest)
        Exception: Unexpected exception, expected<AssertionError> but was<NullPointerException>
    9) testerE13b(RobustesseCercleTest)
        Exception: Unexpected exception, expected<AssertionError> but was<NullPointerException>
    10) testerE13c(RobustesseCercleTest)
        AssertionError: Expected exception: AssertionError
    11) testerE13d(RobustesseCercleTest)
        AssertionError: Expected exception: AssertionError
    12) testerE14a(RobustesseCercleTest)
        Exception: Unexpected exception, expected<AssertionError> but was<NullPointerException>
    13) testerE14b(RobustesseCercleTest)
        Exception: Unexpected exception, expected<AssertionError> but was<NullPointerException>
    14) testerE14c(RobustesseCercleTest)
        AssertionError: Expected exception: AssertionError
    15) testerE16a(RobustesseCercleTest)
        AssertionError: Expected exception: AssertionError
    16) testerE16b(RobustesseCercleTest)
        AssertionError: Expected exception: AssertionError
    17) testerE17a(RobustesseCercleTest)
        AssertionError: Expected exception: AssertionError
    18) testerE17b(RobustesseCercleTest)
        AssertionError: Expected exception: AssertionError
    19) testerE5a(RobustesseCercleTest)
        Exception: Unexpected exception, expected<AssertionError> but was<NullPointerException>

Test FormeCercleTest : OK (12 tests)	(voir evaluation1/FormeCercleTest.log)
Test Forme2CercleTest : OK (9 tests)	(voir evaluation1/Forme2CercleTest.log)

ComplementsCercleTest : non modifiée (ok)

Compilation de CercleTest.java : OK.
Test CercleTest : OK (3 tests)	(voir evaluation1/CercleTest.log)
Test de CercleTest avec CercleMini : OK
Test de CercleTest avec CercleMutant1 : OK
Test de CercleTest avec CercleMutant2 : OK
Test de CercleTest avec CercleMutant3 : OK
Test de CercleTest avec CercleMutant4 : OK
Test de CercleTest avec CercleMutant5 : OK
Test de CercleTest avec CercleMutant6 : OK
Test de CercleTest avec CercleMutant7 : OK
Test de CercleTest avec CercleMutant8 : ERREUR : CercleTest aurait dû échouer !
Test de CercleTest avec CercleMutant9 : OK
Test de CercleTest avec CercleMutantA : OK
Test de CercleTest avec CercleMutantB : OK
Test de CercleTest avec CercleMutantC : OK
Test de CercleTest avec CercleMutantD : OK
Test de CercleTest avec CercleMutantE : ERREUR : CercleTest aurait dû échouer !
Test de CercleTest avec CercleMutantF : ERREUR : CercleTest aurait dû échouer !
Test de CercleTest avec CercleMutantZ : OK
Test de CercleTest : échec 
